# JRE version: OpenJDK Runtime Environment Temurin-17.0.5+8 (17.0.5+8) (build 17.0.5+8)
# Java VM: OpenJDK 64-Bit Server VM Temurin-17.0.5+8 (17.0.5+8, mixed mode, sharing, tiered, compressed oops, compressed class ptrs, g1 gc, windows-amd64)
GC Precious Log:
 CPUs: 16 total, 16 available
 Memory: 24487M
 Large Page Support: Disabled
 NUMA Support: Disabled
 Compressed Oops: Enabled (Zero based)
 Heap Region Size: 4M
 Heap Min Capacity: 8M
 Heap Initial Capacity: 384M
 Heap Max Capacity: 6124M
 Pre-touch: Disabled
 Parallel Workers: 13
 Concurrent Workers: 3
 Concurrent Refinement Workers: 13
 Periodic GC: Disabled
Heap:
 garbage-first heap   total 483328K, used 250331K [0x0000000681400000, 0x0000000800000000)
  region size 4096K, 26 young (106496K), 2 survivors (8192K)
 Metaspace       used 65078K, committed 66176K, reserved 1105920K
  class space    used 9775K, committed 10240K, reserved 1048576K
GC Heap History (20 events):
Event: 3.226 GC heap before
{Heap before GC invocations=10 (full 0):
 garbage-first heap   total 278528K, used 217277K [0x0000000681400000, 0x0000000800000000)
  region size 4096K, 37 young (151552K), 1 survivors (4096K)
 Metaspace       used 27793K, committed 28608K, reserved 1081344K
  class space    used 3412K, committed 3776K, reserved 1048576K
}
Event: 3.228 GC heap after
{Heap after GC invocations=11 (full 0):
 garbage-first heap   total 278528K, used 69825K [0x0000000681400000, 0x0000000800000000)
  region size 4096K, 1 young (4096K), 1 survivors (4096K)
 Metaspace       used 27793K, committed 28608K, reserved 1081344K
  class space    used 3412K, committed 3776K, reserved 1048576K
}
Event: 3.495 GC heap before
{Heap before GC invocations=11 (full 0):
 garbage-first heap   total 278528K, used 233665K [0x0000000681400000, 0x0000000800000000)
  region size 4096K, 38 young (155648K), 1 survivors (4096K)
 Metaspace       used 30986K, committed 31872K, reserved 1081344K
  class space    used 3839K, committed 4224K, reserved 1048576K
}
Event: 3.499 GC heap after
{Heap after GC invocations=12 (full 0):
 garbage-first heap   total 278528K, used 84835K [0x0000000681400000, 0x0000000800000000)
  region size 4096K, 2 young (8192K), 2 survivors (8192K)
 Metaspace       used 30986K, committed 31872K, reserved 1081344K
  class space    used 3839K, committed 4224K, reserved 1048576K
}
Event: 3.729 GC heap before
{Heap before GC invocations=12 (full 0):
 garbage-first heap   total 278528K, used 224099K [0x0000000681400000, 0x0000000800000000)
  region size 4096K, 36 young (147456K), 2 survivors (8192K)
 Metaspace       used 31859K, committed 32704K, reserved 1081344K
  class space    used 3984K, committed 4352K, reserved 1048576K
}
Event: 3.733 GC heap after
{Heap after GC invocations=13 (full 0):
 garbage-first heap   total 278528K, used 87858K [0x0000000681400000, 0x0000000800000000)
  region size 4096K, 3 young (12288K), 3 survivors (12288K)
 Metaspace       used 31859K, committed 32704K, reserved 1081344K
  class space    used 3984K, committed 4352K, reserved 1048576K
}
Event: 4.080 GC heap before
{Heap before GC invocations=13 (full 0):
 garbage-first heap   total 278528K, used 182066K [0x0000000681400000, 0x0000000800000000)
  region size 4096K, 28 young (114688K), 3 survivors (12288K)
 Metaspace       used 35049K, committed 35968K, reserved 1081344K
  class space    used 4310K, committed 4736K, reserved 1048576K
}
Event: 4.085 GC heap after
{Heap after GC invocations=14 (full 0):
 garbage-first heap   total 278528K, used 89375K [0x0000000681400000, 0x0000000800000000)
  region size 4096K, 3 young (12288K), 3 survivors (12288K)
 Metaspace       used 35049K, committed 35968K, reserved 1081344K
  class space    used 4310K, committed 4736K, reserved 1048576K
}
Event: 4.495 GC heap before
{Heap before GC invocations=15 (full 0):
 garbage-first heap   total 278528K, used 224543K [0x0000000681400000, 0x0000000800000000)
  region size 4096K, 37 young (151552K), 3 survivors (12288K)
 Metaspace       used 40993K, committed 41920K, reserved 1089536K
  class space    used 5382K, committed 5824K, reserved 1048576K
}
Event: 4.503 GC heap after
{Heap after GC invocations=16 (full 0):
 garbage-first heap   total 278528K, used 97723K [0x0000000681400000, 0x0000000800000000)
  region size 4096K, 5 young (20480K), 5 survivors (20480K)
 Metaspace       used 40993K, committed 41920K, reserved 1089536K
  class space    used 5382K, committed 5824K, reserved 1048576K
}
Event: 4.722 GC heap before
{Heap before GC invocations=16 (full 0):
 garbage-first heap   total 278528K, used 220603K [0x0000000681400000, 0x0000000800000000)
  region size 4096K, 36 young (147456K), 5 survivors (20480K)
 Metaspace       used 42140K, committed 43136K, reserved 1089536K
  class space    used 5573K, committed 6016K, reserved 1048576K
}
Event: 4.739 GC heap after
{Heap after GC invocations=17 (full 0):
 garbage-first heap   total 335872K, used 110773K [0x0000000681400000, 0x0000000800000000)
  region size 4096K, 5 young (20480K), 5 survivors (20480K)
 Metaspace       used 42140K, committed 43136K, reserved 1089536K
  class space    used 5573K, committed 6016K, reserved 1048576K
}
Event: 4.953 GC heap before
{Heap before GC invocations=17 (full 0):
 garbage-first heap   total 335872K, used 266421K [0x0000000681400000, 0x0000000800000000)
  region size 4096K, 43 young (176128K), 5 survivors (20480K)
 Metaspace       used 43361K, committed 44352K, reserved 1089536K
  class space    used 5777K, committed 6208K, reserved 1048576K
}
Event: 4.966 GC heap after
{Heap after GC invocations=18 (full 0):
 garbage-first heap   total 335872K, used 126125K [0x0000000681400000, 0x0000000800000000)
  region size 4096K, 6 young (24576K), 6 survivors (24576K)
 Metaspace       used 43361K, committed 44352K, reserved 1089536K
  class space    used 5777K, committed 6208K, reserved 1048576K
}
Event: 5.471 GC heap before
{Heap before GC invocations=18 (full 0):
 garbage-first heap   total 335872K, used 261293K [0x0000000681400000, 0x0000000800000000)
  region size 4096K, 39 young (159744K), 6 survivors (24576K)
 Metaspace       used 51846K, committed 52864K, reserved 1097728K
  class space    used 7430K, committed 7872K, reserved 1048576K
}
Event: 5.484 GC heap after
{Heap after GC invocations=19 (full 0):
 garbage-first heap   total 335872K, used 147059K [0x0000000681400000, 0x0000000800000000)
  region size 4096K, 5 young (20480K), 5 survivors (20480K)
 Metaspace       used 51846K, committed 52864K, reserved 1097728K
  class space    used 7430K, committed 7872K, reserved 1048576K
}
Event: 5.876 GC heap before
{Heap before GC invocations=19 (full 0):
 garbage-first heap   total 335872K, used 257651K [0x0000000681400000, 0x0000000800000000)
  region size 4096K, 32 young (131072K), 5 survivors (20480K)
 Metaspace       used 57472K, committed 58624K, reserved 1105920K
  class space    used 8523K, committed 9024K, reserved 1048576K
}
Event: 5.883 GC heap after
{Heap after GC invocations=20 (full 0):
 garbage-first heap   total 335872K, used 156310K [0x0000000681400000, 0x0000000800000000)
  region size 4096K, 2 young (8192K), 2 survivors (8192K)
 Metaspace       used 57472K, committed 58624K, reserved 1105920K
  class space    used 8523K, committed 9024K, reserved 1048576K
}
Event: 6.005 GC heap before
{Heap before GC invocations=20 (full 0):
 garbage-first heap   total 335872K, used 184982K [0x0000000681400000, 0x0000000800000000)
  region size 4096K, 10 young (40960K), 2 survivors (8192K)
 Metaspace       used 59392K, committed 60480K, reserved 1105920K
  class space    used 8904K, committed 9408K, reserved 1048576K
}
Event: 6.009 GC heap after
{Heap after GC invocations=21 (full 0):
 garbage-first heap   total 483328K, used 156123K [0x0000000681400000, 0x0000000800000000)
  region size 4096K, 2 young (8192K), 2 survivors (8192K)
 Metaspace       used 59392K, committed 60480K, reserved 1105920K
  class space    used 8904K, committed 9408K, reserved 1048576K
}

