# JRE version: OpenJDK Runtime Environment Temurin-17.0.5+8 (17.0.5+8) (build 17.0.5+8)
# Java VM: OpenJDK 64-Bit Server VM Temurin-17.0.5+8 (17.0.5+8, mixed mode, sharing, tiered, compressed oops, compressed class ptrs, g1 gc, windows-amd64)
GC Precious Log:
 CPUs: 16 total, 16 available
 Memory: 24487M
 Large Page Support: Disabled
 NUMA Support: Disabled
 Compressed Oops: Enabled (Zero based)
 Heap Region Size: 4M
 Heap Min Capacity: 8M
 Heap Initial Capacity: 384M
 Heap Max Capacity: 6124M
 Pre-touch: Disabled
 Parallel Workers: 13
 Concurrent Workers: 3
 Concurrent Refinement Workers: 13
 Periodic GC: Disabled
Heap:
 garbage-first heap   total 561152K, used 249012K [0x0000000681400000, 0x0000000800000000)
  region size 4096K, 35 young (143360K), 10 survivors (40960K)
 Metaspace       used 65093K, committed 66240K, reserved 1105920K
  class space    used 9778K, committed 10304K, reserved 1048576K
GC Heap History (20 events):
Event: 3.332 GC heap before
{Heap before GC invocations=11 (full 0):
 garbage-first heap   total 249856K, used 194003K [0x0000000681400000, 0x0000000800000000)
  region size 4096K, 32 young (131072K), 1 survivors (4096K)
 Metaspace       used 28442K, committed 29312K, reserved 1081344K
  class space    used 3503K, committed 3904K, reserved 1048576K
}
Event: 3.335 GC heap after
{Heap after GC invocations=12 (full 0):
 garbage-first heap   total 249856K, used 68161K [0x0000000681400000, 0x0000000800000000)
  region size 4096K, 1 young (4096K), 1 survivors (4096K)
 Metaspace       used 28442K, committed 29312K, reserved 1081344K
  class space    used 3503K, committed 3904K, reserved 1048576K
}
Event: 3.577 GC heap before
{Heap before GC invocations=12 (full 0):
 garbage-first heap   total 249856K, used 207425K [0x0000000681400000, 0x0000000800000000)
  region size 4096K, 33 young (135168K), 1 survivors (4096K)
 Metaspace       used 31159K, committed 32000K, reserved 1081344K
  class space    used 3863K, committed 4224K, reserved 1048576K
}
Event: 3.580 GC heap after
{Heap after GC invocations=13 (full 0):
 garbage-first heap   total 249856K, used 82822K [0x0000000681400000, 0x0000000800000000)
  region size 4096K, 2 young (8192K), 2 survivors (8192K)
 Metaspace       used 31159K, committed 32000K, reserved 1081344K
  class space    used 3863K, committed 4224K, reserved 1048576K
}
Event: 3.874 GC heap before
{Heap before GC invocations=13 (full 0):
 garbage-first heap   total 249856K, used 201606K [0x0000000681400000, 0x0000000800000000)
  region size 4096K, 31 young (126976K), 2 survivors (8192K)
 Metaspace       used 31848K, committed 32704K, reserved 1081344K
  class space    used 3983K, committed 4352K, reserved 1048576K
}
Event: 3.879 GC heap after
{Heap after GC invocations=14 (full 0):
 garbage-first heap   total 249856K, used 85668K [0x0000000681400000, 0x0000000800000000)
  region size 4096K, 3 young (12288K), 3 survivors (12288K)
 Metaspace       used 31848K, committed 32704K, reserved 1081344K
  class space    used 3983K, committed 4352K, reserved 1048576K
}
Event: 4.086 GC heap before
{Heap before GC invocations=14 (full 0):
 garbage-first heap   total 249856K, used 200356K [0x0000000681400000, 0x0000000800000000)
  region size 4096K, 31 young (126976K), 3 survivors (12288K)
 Metaspace       used 34422K, committed 35328K, reserved 1081344K
  class space    used 4228K, committed 4672K, reserved 1048576K
}
Event: 4.091 GC heap after
{Heap after GC invocations=15 (full 0):
 garbage-first heap   total 303104K, used 86847K [0x0000000681400000, 0x0000000800000000)
  region size 4096K, 3 young (12288K), 3 survivors (12288K)
 Metaspace       used 34422K, committed 35328K, reserved 1081344K
  class space    used 4228K, committed 4672K, reserved 1048576K
}
Event: 4.156 GC heap before
{Heap before GC invocations=15 (full 0):
 garbage-first heap   total 303104K, used 95039K [0x0000000681400000, 0x0000000800000000)
  region size 4096K, 6 young (24576K), 3 survivors (12288K)
 Metaspace       used 35042K, committed 35968K, reserved 1081344K
  class space    used 4315K, committed 4736K, reserved 1048576K
}
Event: 4.161 GC heap after
{Heap after GC invocations=16 (full 0):
 garbage-first heap   total 303104K, used 87388K [0x0000000681400000, 0x0000000800000000)
  region size 4096K, 3 young (12288K), 3 survivors (12288K)
 Metaspace       used 35042K, committed 35968K, reserved 1081344K
  class space    used 4315K, committed 4736K, reserved 1048576K
}
Event: 4.712 GC heap before
{Heap before GC invocations=17 (full 0):
 garbage-first heap   total 303104K, used 251228K [0x0000000681400000, 0x0000000800000000)
  region size 4096K, 43 young (176128K), 3 survivors (12288K)
 Metaspace       used 41405K, committed 42368K, reserved 1089536K
  class space    used 5455K, committed 5888K, reserved 1048576K
}
Event: 4.722 GC heap after
{Heap after GC invocations=18 (full 0):
 garbage-first heap   total 303104K, used 98290K [0x0000000681400000, 0x0000000800000000)
  region size 4096K, 6 young (24576K), 6 survivors (24576K)
 Metaspace       used 41405K, committed 42368K, reserved 1089536K
  class space    used 5455K, committed 5888K, reserved 1048576K
}
Event: 4.734 GC heap before
{Heap before GC invocations=18 (full 0):
 garbage-first heap   total 303104K, used 102386K [0x0000000681400000, 0x0000000800000000)
  region size 4096K, 7 young (28672K), 6 survivors (24576K)
 Metaspace       used 41481K, committed 42496K, reserved 1089536K
  class space    used 5474K, committed 5952K, reserved 1048576K
}
Event: 4.745 GC heap after
{Heap after GC invocations=19 (full 0):
 garbage-first heap   total 303104K, used 100761K [0x0000000681400000, 0x0000000800000000)
  region size 4096K, 1 young (4096K), 1 survivors (4096K)
 Metaspace       used 41481K, committed 42496K, reserved 1089536K
  class space    used 5474K, committed 5952K, reserved 1048576K
}
Event: 5.012 GC heap before
{Heap before GC invocations=19 (full 0):
 garbage-first heap   total 303104K, used 248217K [0x0000000681400000, 0x0000000800000000)
  region size 4096K, 37 young (151552K), 1 survivors (4096K)
 Metaspace       used 42159K, committed 43072K, reserved 1089536K
  class space    used 5582K, committed 6016K, reserved 1048576K
}
Event: 5.023 GC heap after
{Heap after GC invocations=20 (full 0):
 garbage-first heap   total 303104K, used 113238K [0x0000000681400000, 0x0000000800000000)
  region size 4096K, 4 young (16384K), 4 survivors (16384K)
 Metaspace       used 42159K, committed 43072K, reserved 1089536K
  class space    used 5582K, committed 6016K, reserved 1048576K
}
Event: 5.320 GC heap before
{Heap before GC invocations=20 (full 0):
 garbage-first heap   total 303104K, used 244310K [0x0000000681400000, 0x0000000800000000)
  region size 4096K, 36 young (147456K), 4 survivors (16384K)
 Metaspace       used 45017K, committed 46080K, reserved 1089536K
  class space    used 6045K, committed 6528K, reserved 1048576K
}
Event: 5.331 GC heap after
{Heap after GC invocations=21 (full 0):
 garbage-first heap   total 647168K, used 125005K [0x0000000681400000, 0x0000000800000000)
  region size 4096K, 3 young (12288K), 3 survivors (12288K)
 Metaspace       used 45017K, committed 46080K, reserved 1089536K
  class space    used 6045K, committed 6528K, reserved 1048576K
}
Event: 6.378 GC heap before
{Heap before GC invocations=21 (full 0):
 garbage-first heap   total 647168K, used 378957K [0x0000000681400000, 0x0000000800000000)
  region size 4096K, 66 young (270336K), 3 survivors (12288K)
 Metaspace       used 59367K, committed 60480K, reserved 1105920K
  class space    used 8899K, committed 9408K, reserved 1048576K
}
Event: 6.394 GC heap after
{Heap after GC invocations=22 (full 0):
 garbage-first heap   total 647168K, used 150708K [0x0000000681400000, 0x0000000800000000)
  region size 4096K, 10 young (40960K), 10 survivors (40960K)
 Metaspace       used 59367K, committed 60480K, reserved 1105920K
  class space    used 8899K, committed 9408K, reserved 1048576K
}

