# JRE version: OpenJDK Runtime Environment Temurin-17.0.5+8 (17.0.5+8) (build 17.0.5+8)
# Java VM: OpenJDK 64-Bit Server VM Temurin-17.0.5+8 (17.0.5+8, mixed mode, sharing, tiered, compressed oops, compressed class ptrs, g1 gc, windows-amd64)
GC Precious Log:
 CPUs: 16 total, 16 available
 Memory: 24487M
 Large Page Support: Disabled
 NUMA Support: Disabled
 Compressed Oops: Enabled (Zero based)
 Heap Region Size: 4M
 Heap Min Capacity: 8M
 Heap Initial Capacity: 384M
 Heap Max Capacity: 6124M
 Pre-touch: Disabled
 Parallel Workers: 13
 Concurrent Workers: 3
 Concurrent Refinement Workers: 13
 Periodic GC: Disabled
Heap:
 garbage-first heap   total 561152K, used 244152K [0x0000000681400000, 0x0000000800000000)
  region size 4096K, 27 young (110592K), 3 survivors (12288K)
 Metaspace       used 65094K, committed 66304K, reserved 1105920K
  class space    used 9779K, committed 10304K, reserved 1048576K
GC Heap History (20 events):
Event: 5.173 GC heap before
{Heap before GC invocations=9 (full 0):
 garbage-first heap   total 266240K, used 194742K [0x0000000681400000, 0x0000000800000000)
  region size 4096K, 32 young (131072K), 1 survivors (4096K)
 Metaspace       used 27241K, committed 28032K, reserved 1081344K
  class space    used 3339K, committed 3648K, reserved 1048576K
}
Event: 5.175 GC heap after
{Heap after GC invocations=10 (full 0):
 garbage-first heap   total 266240K, used 66813K [0x0000000681400000, 0x0000000800000000)
  region size 4096K, 1 young (4096K), 1 survivors (4096K)
 Metaspace       used 27241K, committed 28032K, reserved 1081344K
  class space    used 3339K, committed 3648K, reserved 1048576K
}
Event: 5.326 GC heap before
{Heap before GC invocations=10 (full 0):
 garbage-first heap   total 266240K, used 197885K [0x0000000681400000, 0x0000000800000000)
  region size 4096K, 33 young (135168K), 1 survivors (4096K)
 Metaspace       used 27378K, committed 28160K, reserved 1081344K
  class space    used 3357K, committed 3712K, reserved 1048576K
}
Event: 5.327 GC heap after
{Heap after GC invocations=11 (full 0):
 garbage-first heap   total 266240K, used 67310K [0x0000000681400000, 0x0000000800000000)
  region size 4096K, 1 young (4096K), 1 survivors (4096K)
 Metaspace       used 27378K, committed 28160K, reserved 1081344K
  class space    used 3357K, committed 3712K, reserved 1048576K
}
Event: 5.688 GC heap before
{Heap before GC invocations=11 (full 0):
 garbage-first heap   total 266240K, used 218862K [0x0000000681400000, 0x0000000800000000)
  region size 4096K, 35 young (143360K), 1 survivors (4096K)
 Metaspace       used 30908K, committed 31744K, reserved 1081344K
  class space    used 3819K, committed 4160K, reserved 1048576K
}
Event: 5.690 GC heap after
{Heap after GC invocations=12 (full 0):
 garbage-first heap   total 266240K, used 81819K [0x0000000681400000, 0x0000000800000000)
  region size 4096K, 2 young (8192K), 2 survivors (8192K)
 Metaspace       used 30908K, committed 31744K, reserved 1081344K
  class space    used 3819K, committed 4160K, reserved 1048576K
}
Event: 5.917 GC heap before
{Heap before GC invocations=12 (full 0):
 garbage-first heap   total 266240K, used 208795K [0x0000000681400000, 0x0000000800000000)
  region size 4096K, 33 young (135168K), 2 survivors (8192K)
 Metaspace       used 31834K, committed 32704K, reserved 1081344K
  class space    used 3978K, committed 4352K, reserved 1048576K
}
Event: 5.921 GC heap after
{Heap after GC invocations=13 (full 0):
 garbage-first heap   total 266240K, used 84346K [0x0000000681400000, 0x0000000800000000)
  region size 4096K, 2 young (8192K), 2 survivors (8192K)
 Metaspace       used 31834K, committed 32704K, reserved 1081344K
  class space    used 3978K, committed 4352K, reserved 1048576K
}
Event: 6.258 GC heap before
{Heap before GC invocations=13 (full 0):
 garbage-first heap   total 266240K, used 215418K [0x0000000681400000, 0x0000000800000000)
  region size 4096K, 34 young (139264K), 2 survivors (8192K)
 Metaspace       used 31876K, committed 32704K, reserved 1081344K
  class space    used 3986K, committed 4352K, reserved 1048576K
}
Event: 6.262 GC heap after
{Heap after GC invocations=14 (full 0):
 garbage-first heap   total 266240K, used 86720K [0x0000000681400000, 0x0000000800000000)
  region size 4096K, 3 young (12288K), 3 survivors (12288K)
 Metaspace       used 31876K, committed 32704K, reserved 1081344K
  class space    used 3986K, committed 4352K, reserved 1048576K
}
Event: 6.514 GC heap before
{Heap before GC invocations=14 (full 0):
 garbage-first heap   total 266240K, used 144064K [0x0000000681400000, 0x0000000800000000)
  region size 4096K, 18 young (73728K), 3 survivors (12288K)
 Metaspace       used 35053K, committed 35968K, reserved 1081344K
  class space    used 4313K, committed 4736K, reserved 1048576K
}
Event: 6.518 GC heap after
{Heap after GC invocations=15 (full 0):
 garbage-first heap   total 266240K, used 87631K [0x0000000681400000, 0x0000000800000000)
  region size 4096K, 3 young (12288K), 3 survivors (12288K)
 Metaspace       used 35053K, committed 35968K, reserved 1081344K
  class space    used 4313K, committed 4736K, reserved 1048576K
}
Event: 7.059 GC heap before
{Heap before GC invocations=16 (full 0):
 garbage-first heap   total 266240K, used 218703K [0x0000000681400000, 0x0000000800000000)
  region size 4096K, 35 young (143360K), 3 survivors (12288K)
 Metaspace       used 41006K, committed 41984K, reserved 1089536K
  class space    used 5385K, committed 5824K, reserved 1048576K
}
Event: 7.067 GC heap after
{Heap after GC invocations=17 (full 0):
 garbage-first heap   total 266240K, used 95227K [0x0000000681400000, 0x0000000800000000)
  region size 4096K, 5 young (20480K), 5 survivors (20480K)
 Metaspace       used 41006K, committed 41984K, reserved 1089536K
  class space    used 5385K, committed 5824K, reserved 1048576K
}
Event: 7.290 GC heap before
{Heap before GC invocations=17 (full 0):
 garbage-first heap   total 266240K, used 214011K [0x0000000681400000, 0x0000000800000000)
  region size 4096K, 34 young (139264K), 5 survivors (20480K)
 Metaspace       used 42155K, committed 43136K, reserved 1089536K
  class space    used 5579K, committed 6016K, reserved 1048576K
}
Event: 7.311 GC heap after
{Heap after GC invocations=18 (full 0):
 garbage-first heap   total 585728K, used 107650K [0x0000000681400000, 0x0000000800000000)
  region size 4096K, 5 young (20480K), 5 survivors (20480K)
 Metaspace       used 42155K, committed 43136K, reserved 1089536K
  class space    used 5579K, committed 6016K, reserved 1048576K
}
Event: 8.268 GC heap before
{Heap before GC invocations=18 (full 0):
 garbage-first heap   total 585728K, used 435330K [0x0000000681400000, 0x0000000800000000)
  region size 4096K, 85 young (348160K), 5 survivors (20480K)
 Metaspace       used 53188K, committed 54272K, reserved 1097728K
  class space    used 7715K, committed 8192K, reserved 1048576K
}
Event: 8.287 GC heap after
{Heap after GC invocations=19 (full 0):
 garbage-first heap   total 585728K, used 144094K [0x0000000681400000, 0x0000000800000000)
  region size 4096K, 11 young (45056K), 11 survivors (45056K)
 Metaspace       used 53188K, committed 54272K, reserved 1097728K
  class space    used 7715K, committed 8192K, reserved 1048576K
}
Event: 8.731 GC heap before
{Heap before GC invocations=19 (full 0):
 garbage-first heap   total 585728K, used 271070K [0x0000000681400000, 0x0000000800000000)
  region size 4096K, 43 young (176128K), 11 survivors (45056K)
 Metaspace       used 59365K, committed 60480K, reserved 1105920K
  class space    used 8900K, committed 9408K, reserved 1048576K
}
Event: 8.745 GC heap after
{Heap after GC invocations=20 (full 0):
 garbage-first heap   total 585728K, used 154040K [0x0000000681400000, 0x0000000800000000)
  region size 4096K, 3 young (12288K), 3 survivors (12288K)
 Metaspace       used 59365K, committed 60480K, reserved 1105920K
  class space    used 8900K, committed 9408K, reserved 1048576K
}

