# JRE version: OpenJDK Runtime Environment Temurin-17.0.5+8 (17.0.5+8) (build 17.0.5+8)
# Java VM: OpenJDK 64-Bit Server VM Temurin-17.0.5+8 (17.0.5+8, mixed mode, sharing, tiered, compressed oops, compressed class ptrs, g1 gc, windows-amd64)
GC Precious Log:
 CPUs: 16 total, 16 available
 Memory: 24487M
 Large Page Support: Disabled
 NUMA Support: Disabled
 Compressed Oops: Enabled (Zero based)
 Heap Region Size: 4M
 Heap Min Capacity: 8M
 Heap Initial Capacity: 384M
 Heap Max Capacity: 6124M
 Pre-touch: Disabled
 Parallel Workers: 13
 Concurrent Workers: 3
 Concurrent Refinement Workers: 13
 Periodic GC: Disabled
Heap:
 garbage-first heap   total 450560K, used 252097K [0x0000000681400000, 0x0000000800000000)
  region size 4096K, 26 young (106496K), 2 survivors (8192K)
 Metaspace       used 65075K, committed 66304K, reserved 1105920K
  class space    used 9776K, committed 10304K, reserved 1048576K
GC Heap History (20 events):
Event: 2.855 GC heap before
{Heap before GC invocations=10 (full 0):
 garbage-first heap   total 221184K, used 163456K [0x0000000681400000, 0x0000000800000000)
  region size 4096K, 24 young (98304K), 1 survivors (4096K)
 Metaspace       used 27248K, committed 28032K, reserved 1081344K
  class space    used 3341K, committed 3648K, reserved 1048576K
}
Event: 2.856 GC heap after
{Heap after GC invocations=11 (full 0):
 garbage-first heap   total 270336K, used 69299K [0x0000000681400000, 0x0000000800000000)
  region size 4096K, 1 young (4096K), 1 survivors (4096K)
 Metaspace       used 27248K, committed 28032K, reserved 1081344K
  class space    used 3341K, committed 3648K, reserved 1048576K
}
Event: 3.144 GC heap before
{Heap before GC invocations=11 (full 0):
 garbage-first heap   total 270336K, used 216755K [0x0000000681400000, 0x0000000800000000)
  region size 4096K, 35 young (143360K), 1 survivors (4096K)
 Metaspace       used 30233K, committed 31104K, reserved 1081344K
  class space    used 3732K, committed 4096K, reserved 1048576K
}
Event: 3.147 GC heap after
{Heap after GC invocations=12 (full 0):
 garbage-first heap   total 270336K, used 84028K [0x0000000681400000, 0x0000000800000000)
  region size 4096K, 2 young (8192K), 2 survivors (8192K)
 Metaspace       used 30233K, committed 31104K, reserved 1081344K
  class space    used 3732K, committed 4096K, reserved 1048576K
}
Event: 3.343 GC heap before
{Heap before GC invocations=12 (full 0):
 garbage-first heap   total 270336K, used 206908K [0x0000000681400000, 0x0000000800000000)
  region size 4096K, 33 young (135168K), 2 survivors (8192K)
 Metaspace       used 31726K, committed 32640K, reserved 1081344K
  class space    used 3957K, committed 4352K, reserved 1048576K
}
Event: 3.346 GC heap after
{Heap after GC invocations=13 (full 0):
 garbage-first heap   total 270336K, used 86525K [0x0000000681400000, 0x0000000800000000)
  region size 4096K, 2 young (8192K), 2 survivors (8192K)
 Metaspace       used 31726K, committed 32640K, reserved 1081344K
  class space    used 3957K, committed 4352K, reserved 1048576K
}
Event: 3.546 GC heap before
{Heap before GC invocations=13 (full 0):
 garbage-first heap   total 270336K, used 217597K [0x0000000681400000, 0x0000000800000000)
  region size 4096K, 34 young (139264K), 2 survivors (8192K)
 Metaspace       used 32286K, committed 33216K, reserved 1081344K
  class space    used 4038K, committed 4480K, reserved 1048576K
}
Event: 3.550 GC heap after
{Heap after GC invocations=14 (full 0):
 garbage-first heap   total 270336K, used 88587K [0x0000000681400000, 0x0000000800000000)
  region size 4096K, 3 young (12288K), 3 survivors (12288K)
 Metaspace       used 32286K, committed 33216K, reserved 1081344K
  class space    used 4038K, committed 4480K, reserved 1048576K
}
Event: 3.760 GC heap before
{Heap before GC invocations=14 (full 0):
 garbage-first heap   total 270336K, used 129547K [0x0000000681400000, 0x0000000800000000)
  region size 4096K, 14 young (57344K), 3 survivors (12288K)
 Metaspace       used 35041K, committed 35968K, reserved 1081344K
  class space    used 4312K, committed 4736K, reserved 1048576K
}
Event: 3.764 GC heap after
{Heap after GC invocations=15 (full 0):
 garbage-first heap   total 327680K, used 89696K [0x0000000681400000, 0x0000000800000000)
  region size 4096K, 3 young (12288K), 3 survivors (12288K)
 Metaspace       used 35041K, committed 35968K, reserved 1081344K
  class space    used 4312K, committed 4736K, reserved 1048576K
}
Event: 4.294 GC heap before
{Heap before GC invocations=16 (full 0):
 garbage-first heap   total 327680K, used 269920K [0x0000000681400000, 0x0000000800000000)
  region size 4096K, 47 young (192512K), 3 survivors (12288K)
 Metaspace       used 41614K, committed 42624K, reserved 1089536K
  class space    used 5495K, committed 5952K, reserved 1048576K
}
Event: 4.305 GC heap after
{Heap after GC invocations=17 (full 0):
 garbage-first heap   total 327680K, used 102920K [0x0000000681400000, 0x0000000800000000)
  region size 4096K, 6 young (24576K), 6 survivors (24576K)
 Metaspace       used 41614K, committed 42624K, reserved 1089536K
  class space    used 5495K, committed 5952K, reserved 1048576K
}
Event: 4.499 GC heap before
{Heap before GC invocations=17 (full 0):
 garbage-first heap   total 327680K, used 262664K [0x0000000681400000, 0x0000000800000000)
  region size 4096K, 45 young (184320K), 6 survivors (24576K)
 Metaspace       used 42267K, committed 43200K, reserved 1089536K
  class space    used 5596K, committed 6016K, reserved 1048576K
}
Event: 4.516 GC heap after
{Heap after GC invocations=18 (full 0):
 garbage-first heap   total 327680K, used 118875K [0x0000000681400000, 0x0000000800000000)
  region size 4096K, 5 young (20480K), 5 survivors (20480K)
 Metaspace       used 42267K, committed 43200K, reserved 1089536K
  class space    used 5596K, committed 6016K, reserved 1048576K
}
Event: 4.803 GC heap before
{Heap before GC invocations=18 (full 0):
 garbage-first heap   total 327680K, used 254043K [0x0000000681400000, 0x0000000800000000)
  region size 4096K, 39 young (159744K), 5 survivors (20480K)
 Metaspace       used 47133K, committed 48192K, reserved 1097728K
  class space    used 6313K, committed 6784K, reserved 1048576K
}
Event: 4.813 GC heap after
{Heap after GC invocations=19 (full 0):
 garbage-first heap   total 327680K, used 132238K [0x0000000681400000, 0x0000000800000000)
  region size 4096K, 4 young (16384K), 4 survivors (16384K)
 Metaspace       used 47133K, committed 48192K, reserved 1097728K
  class space    used 6313K, committed 6784K, reserved 1048576K
}
Event: 5.309 GC heap before
{Heap before GC invocations=19 (full 0):
 garbage-first heap   total 327680K, used 259214K [0x0000000681400000, 0x0000000800000000)
  region size 4096K, 35 young (143360K), 4 survivors (16384K)
 Metaspace       used 55313K, committed 56448K, reserved 1097728K
  class space    used 8143K, committed 8640K, reserved 1048576K
}
Event: 5.319 GC heap after
{Heap after GC invocations=20 (full 0):
 garbage-first heap   total 327680K, used 151151K [0x0000000681400000, 0x0000000800000000)
  region size 4096K, 5 young (20480K), 5 survivors (20480K)
 Metaspace       used 55313K, committed 56448K, reserved 1097728K
  class space    used 8143K, committed 8640K, reserved 1048576K
}
Event: 5.637 GC heap before
{Heap before GC invocations=20 (full 0):
 garbage-first heap   total 327680K, used 245359K [0x0000000681400000, 0x0000000800000000)
  region size 4096K, 29 young (118784K), 5 survivors (20480K)
 Metaspace       used 59351K, committed 60480K, reserved 1105920K
  class space    used 8900K, committed 9408K, reserved 1048576K
}
Event: 5.644 GC heap after
{Heap after GC invocations=21 (full 0):
 garbage-first heap   total 450560K, used 157889K [0x0000000681400000, 0x0000000800000000)
  region size 4096K, 2 young (8192K), 2 survivors (8192K)
 Metaspace       used 59351K, committed 60480K, reserved 1105920K
  class space    used 8900K, committed 9408K, reserved 1048576K
}

