# JRE version: OpenJDK Runtime Environment Temurin-17.0.5+8 (17.0.5+8) (build 17.0.5+8)
# Java VM: OpenJDK 64-Bit Server VM Temurin-17.0.5+8 (17.0.5+8, mixed mode, sharing, tiered, compressed oops, compressed class ptrs, g1 gc, windows-amd64)
GC Precious Log:
 CPUs: 16 total, 16 available
 Memory: 24487M
 Large Page Support: Disabled
 NUMA Support: Disabled
 Compressed Oops: Enabled (Zero based)
 Heap Region Size: 4M
 Heap Min Capacity: 8M
 Heap Initial Capacity: 384M
 Heap Max Capacity: 6124M
 Pre-touch: Disabled
 Parallel Workers: 13
 Concurrent Workers: 3
 Concurrent Refinement Workers: 13
 Periodic GC: Disabled
Heap:
 garbage-first heap   total 364544K, used 250150K [0x0000000681400000, 0x0000000800000000)
  region size 4096K, 26 young (106496K), 2 survivors (8192K)
 Metaspace       used 65071K, committed 66176K, reserved 1105920K
  class space    used 9777K, committed 10240K, reserved 1048576K
GC Heap History (20 events):
Event: 3.199 GC heap before
{Heap before GC invocations=10 (full 0):
 garbage-first heap   total 274432K, used 211754K [0x0000000681400000, 0x0000000800000000)
  region size 4096K, 36 young (147456K), 1 survivors (4096K)
 Metaspace       used 27579K, committed 28416K, reserved 1081344K
  class space    used 3386K, committed 3776K, reserved 1048576K
}
Event: 3.201 GC heap after
{Heap after GC invocations=11 (full 0):
 garbage-first heap   total 274432K, used 69046K [0x0000000681400000, 0x0000000800000000)
  region size 4096K, 1 young (4096K), 1 survivors (4096K)
 Metaspace       used 27579K, committed 28416K, reserved 1081344K
  class space    used 3386K, committed 3776K, reserved 1048576K
}
Event: 3.487 GC heap before
{Heap before GC invocations=11 (full 0):
 garbage-first heap   total 274432K, used 224694K [0x0000000681400000, 0x0000000800000000)
  region size 4096K, 37 young (151552K), 1 survivors (4096K)
 Metaspace       used 30688K, committed 31488K, reserved 1081344K
  class space    used 3803K, committed 4160K, reserved 1048576K
}
Event: 3.489 GC heap after
{Heap after GC invocations=12 (full 0):
 garbage-first heap   total 274432K, used 83446K [0x0000000681400000, 0x0000000800000000)
  region size 4096K, 2 young (8192K), 2 survivors (8192K)
 Metaspace       used 30688K, committed 31488K, reserved 1081344K
  class space    used 3803K, committed 4160K, reserved 1048576K
}
Event: 3.758 GC heap before
{Heap before GC invocations=12 (full 0):
 garbage-first heap   total 274432K, used 218614K [0x0000000681400000, 0x0000000800000000)
  region size 4096K, 35 young (143360K), 2 survivors (8192K)
 Metaspace       used 31849K, committed 32704K, reserved 1081344K
  class space    used 3986K, committed 4352K, reserved 1048576K
}
Event: 3.763 GC heap after
{Heap after GC invocations=13 (full 0):
 garbage-first heap   total 274432K, used 86868K [0x0000000681400000, 0x0000000800000000)
  region size 4096K, 3 young (12288K), 3 survivors (12288K)
 Metaspace       used 31849K, committed 32704K, reserved 1081344K
  class space    used 3986K, committed 4352K, reserved 1048576K
}
Event: 4.093 GC heap before
{Heap before GC invocations=13 (full 0):
 garbage-first heap   total 274432K, used 197460K [0x0000000681400000, 0x0000000800000000)
  region size 4096K, 32 young (131072K), 3 survivors (12288K)
 Metaspace       used 35045K, committed 35968K, reserved 1081344K
  class space    used 4312K, committed 4736K, reserved 1048576K
}
Event: 4.097 GC heap after
{Heap after GC invocations=14 (full 0):
 garbage-first heap   total 274432K, used 88280K [0x0000000681400000, 0x0000000800000000)
  region size 4096K, 3 young (12288K), 3 survivors (12288K)
 Metaspace       used 35045K, committed 35968K, reserved 1081344K
  class space    used 4312K, committed 4736K, reserved 1048576K
}
Event: 4.521 GC heap before
{Heap before GC invocations=15 (full 0):
 garbage-first heap   total 274432K, used 223448K [0x0000000681400000, 0x0000000800000000)
  region size 4096K, 36 young (147456K), 3 survivors (12288K)
 Metaspace       used 40988K, committed 41984K, reserved 1089536K
  class space    used 5386K, committed 5824K, reserved 1048576K
}
Event: 4.529 GC heap after
{Heap after GC invocations=16 (full 0):
 garbage-first heap   total 274432K, used 96919K [0x0000000681400000, 0x0000000800000000)
  region size 4096K, 5 young (20480K), 5 survivors (20480K)
 Metaspace       used 40988K, committed 41984K, reserved 1089536K
  class space    used 5386K, committed 5824K, reserved 1048576K
}
Event: 4.737 GC heap before
{Heap before GC invocations=16 (full 0):
 garbage-first heap   total 274432K, used 219799K [0x0000000681400000, 0x0000000800000000)
  region size 4096K, 35 young (143360K), 5 survivors (20480K)
 Metaspace       used 42139K, committed 43136K, reserved 1089536K
  class space    used 5579K, committed 6016K, reserved 1048576K
}
Event: 4.755 GC heap after
{Heap after GC invocations=17 (full 0):
 garbage-first heap   total 274432K, used 109343K [0x0000000681400000, 0x0000000800000000)
  region size 4096K, 5 young (20480K), 5 survivors (20480K)
 Metaspace       used 42139K, committed 43136K, reserved 1089536K
  class space    used 5579K, committed 6016K, reserved 1048576K
}
Event: 4.872 GC heap before
{Heap before GC invocations=17 (full 0):
 garbage-first heap   total 274432K, used 215839K [0x0000000681400000, 0x0000000800000000)
  region size 4096K, 31 young (126976K), 5 survivors (20480K)
 Metaspace       used 42470K, committed 43456K, reserved 1089536K
  class space    used 5616K, committed 6080K, reserved 1048576K
}
Event: 4.887 GC heap after
{Heap after GC invocations=18 (full 0):
 garbage-first heap   total 364544K, used 122169K [0x0000000681400000, 0x0000000800000000)
  region size 4096K, 3 young (12288K), 3 survivors (12288K)
 Metaspace       used 42470K, committed 43456K, reserved 1089536K
  class space    used 5616K, committed 6080K, reserved 1048576K
}
Event: 5.405 GC heap before
{Heap before GC invocations=18 (full 0):
 garbage-first heap   total 364544K, used 286009K [0x0000000681400000, 0x0000000800000000)
  region size 4096K, 43 young (176128K), 3 survivors (12288K)
 Metaspace       used 49410K, committed 50368K, reserved 1097728K
  class space    used 6793K, committed 7232K, reserved 1048576K
}
Event: 5.418 GC heap after
{Heap after GC invocations=19 (full 0):
 garbage-first heap   total 364544K, used 146378K [0x0000000681400000, 0x0000000800000000)
  region size 4096K, 6 young (24576K), 6 survivors (24576K)
 Metaspace       used 49410K, committed 50368K, reserved 1097728K
  class space    used 6793K, committed 7232K, reserved 1048576K
}
Event: 5.899 GC heap before
{Heap before GC invocations=19 (full 0):
 garbage-first heap   total 364544K, used 277450K [0x0000000681400000, 0x0000000800000000)
  region size 4096K, 38 young (155648K), 6 survivors (24576K)
 Metaspace       used 57472K, committed 58560K, reserved 1105920K
  class space    used 8525K, committed 9024K, reserved 1048576K
}
Event: 5.909 GC heap after
{Heap after GC invocations=20 (full 0):
 garbage-first heap   total 364544K, used 155131K [0x0000000681400000, 0x0000000800000000)
  region size 4096K, 2 young (8192K), 2 survivors (8192K)
 Metaspace       used 57472K, committed 58560K, reserved 1105920K
  class space    used 8525K, committed 9024K, reserved 1048576K
}
Event: 6.029 GC heap before
{Heap before GC invocations=20 (full 0):
 garbage-first heap   total 364544K, used 191995K [0x0000000681400000, 0x0000000800000000)
  region size 4096K, 12 young (49152K), 2 survivors (8192K)
 Metaspace       used 59360K, committed 60480K, reserved 1105920K
  class space    used 8900K, committed 9408K, reserved 1048576K
}
Event: 6.032 GC heap after
{Heap after GC invocations=21 (full 0):
 garbage-first heap   total 364544K, used 155942K [0x0000000681400000, 0x0000000800000000)
  region size 4096K, 2 young (8192K), 2 survivors (8192K)
 Metaspace       used 59360K, committed 60480K, reserved 1105920K
  class space    used 8900K, committed 9408K, reserved 1048576K
}

