# JRE version: OpenJDK Runtime Environment Temurin-17.0.5+8 (17.0.5+8) (build 17.0.5+8)
# Java VM: OpenJDK 64-Bit Server VM Temurin-17.0.5+8 (17.0.5+8, mixed mode, sharing, tiered, compressed oops, compressed class ptrs, g1 gc, windows-amd64)
GC Precious Log:
 CPUs: 16 total, 16 available
 Memory: 24487M
 Large Page Support: Disabled
 NUMA Support: Disabled
 Compressed Oops: Enabled (Zero based)
 Heap Region Size: 4M
 Heap Min Capacity: 8M
 Heap Initial Capacity: 384M
 Heap Max Capacity: 6124M
 Pre-touch: Disabled
 Parallel Workers: 13
 Concurrent Workers: 3
 Concurrent Refinement Workers: 13
 Periodic GC: Disabled
Heap:
 garbage-first heap   total 462848K, used 251599K [0x0000000681400000, 0x0000000800000000)
  region size 4096K, 26 young (106496K), 2 survivors (8192K)
 Metaspace       used 65081K, committed 66240K, reserved 1105920K
  class space    used 9779K, committed 10304K, reserved 1048576K
GC Heap History (20 events):
Event: 3.061 GC heap before
{Heap before GC invocations=10 (full 0):
 garbage-first heap   total 221184K, used 166992K [0x0000000681400000, 0x0000000800000000)
  region size 4096K, 25 young (102400K), 1 survivors (4096K)
 Metaspace       used 27246K, committed 28032K, reserved 1081344K
  class space    used 3341K, committed 3648K, reserved 1048576K
}
Event: 3.062 GC heap after
{Heap after GC invocations=11 (full 0):
 garbage-first heap   total 274432K, used 68827K [0x0000000681400000, 0x0000000800000000)
  region size 4096K, 1 young (4096K), 1 survivors (4096K)
 Metaspace       used 27246K, committed 28032K, reserved 1081344K
  class space    used 3341K, committed 3648K, reserved 1048576K
}
Event: 3.358 GC heap before
{Heap before GC invocations=11 (full 0):
 garbage-first heap   total 274432K, used 224475K [0x0000000681400000, 0x0000000800000000)
  region size 4096K, 37 young (151552K), 1 survivors (4096K)
 Metaspace       used 29969K, committed 30848K, reserved 1081344K
  class space    used 3721K, committed 4096K, reserved 1048576K
}
Event: 3.361 GC heap after
{Heap after GC invocations=12 (full 0):
 garbage-first heap   total 274432K, used 83158K [0x0000000681400000, 0x0000000800000000)
  region size 4096K, 2 young (8192K), 2 survivors (8192K)
 Metaspace       used 29969K, committed 30848K, reserved 1081344K
  class space    used 3721K, committed 4096K, reserved 1048576K
}
Event: 3.648 GC heap before
{Heap before GC invocations=12 (full 0):
 garbage-first heap   total 274432K, used 218326K [0x0000000681400000, 0x0000000800000000)
  region size 4096K, 35 young (143360K), 2 survivors (8192K)
 Metaspace       used 31803K, committed 32640K, reserved 1081344K
  class space    used 3976K, committed 4352K, reserved 1048576K
}
Event: 3.652 GC heap after
{Heap after GC invocations=13 (full 0):
 garbage-first heap   total 274432K, used 86281K [0x0000000681400000, 0x0000000800000000)
  region size 4096K, 2 young (8192K), 2 survivors (8192K)
 Metaspace       used 31803K, committed 32640K, reserved 1081344K
  class space    used 3976K, committed 4352K, reserved 1048576K
}
Event: 3.963 GC heap before
{Heap before GC invocations=13 (full 0):
 garbage-first heap   total 274432K, used 225545K [0x0000000681400000, 0x0000000800000000)
  region size 4096K, 36 young (147456K), 2 survivors (8192K)
 Metaspace       used 34036K, committed 34944K, reserved 1081344K
  class space    used 4187K, committed 4608K, reserved 1048576K
}
Event: 3.967 GC heap after
{Heap after GC invocations=14 (full 0):
 garbage-first heap   total 274432K, used 88033K [0x0000000681400000, 0x0000000800000000)
  region size 4096K, 3 young (12288K), 3 survivors (12288K)
 Metaspace       used 34036K, committed 34944K, reserved 1081344K
  class space    used 4187K, committed 4608K, reserved 1048576K
}
Event: 4.057 GC heap before
{Heap before GC invocations=14 (full 0):
 garbage-first heap   total 274432K, used 104417K [0x0000000681400000, 0x0000000800000000)
  region size 4096K, 8 young (32768K), 3 survivors (12288K)
 Metaspace       used 35022K, committed 35968K, reserved 1081344K
  class space    used 4314K, committed 4736K, reserved 1048576K
}
Event: 4.061 GC heap after
{Heap after GC invocations=15 (full 0):
 garbage-first heap   total 331776K, used 88896K [0x0000000681400000, 0x0000000800000000)
  region size 4096K, 3 young (12288K), 3 survivors (12288K)
 Metaspace       used 35022K, committed 35968K, reserved 1081344K
  class space    used 4314K, committed 4736K, reserved 1048576K
}
Event: 4.595 GC heap before
{Heap before GC invocations=16 (full 0):
 garbage-first heap   total 331776K, used 265024K [0x0000000681400000, 0x0000000800000000)
  region size 4096K, 46 young (188416K), 3 survivors (12288K)
 Metaspace       used 41512K, committed 42496K, reserved 1089536K
  class space    used 5481K, committed 5952K, reserved 1048576K
}
Event: 4.608 GC heap after
{Heap after GC invocations=17 (full 0):
 garbage-first heap   total 331776K, used 100831K [0x0000000681400000, 0x0000000800000000)
  region size 4096K, 6 young (24576K), 6 survivors (24576K)
 Metaspace       used 41512K, committed 42496K, reserved 1089536K
  class space    used 5481K, committed 5952K, reserved 1048576K
}
Event: 4.851 GC heap before
{Heap before GC invocations=17 (full 0):
 garbage-first heap   total 331776K, used 264671K [0x0000000681400000, 0x0000000800000000)
  region size 4096K, 46 young (188416K), 6 survivors (24576K)
 Metaspace       used 42270K, committed 43264K, reserved 1089536K
  class space    used 5596K, committed 6080K, reserved 1048576K
}
Event: 4.871 GC heap after
{Heap after GC invocations=18 (full 0):
 garbage-first heap   total 331776K, used 116280K [0x0000000681400000, 0x0000000800000000)
  region size 4096K, 6 young (24576K), 6 survivors (24576K)
 Metaspace       used 42270K, committed 43264K, reserved 1089536K
  class space    used 5596K, committed 6080K, reserved 1048576K
}
Event: 5.208 GC heap before
{Heap before GC invocations=18 (full 0):
 garbage-first heap   total 331776K, used 255544K [0x0000000681400000, 0x0000000800000000)
  region size 4096K, 41 young (167936K), 6 survivors (24576K)
 Metaspace       used 47132K, committed 48128K, reserved 1097728K
  class space    used 6313K, committed 6784K, reserved 1048576K
}
Event: 5.223 GC heap after
{Heap after GC invocations=19 (full 0):
 garbage-first heap   total 331776K, used 133432K [0x0000000681400000, 0x0000000800000000)
  region size 4096K, 4 young (16384K), 4 survivors (16384K)
 Metaspace       used 47132K, committed 48128K, reserved 1097728K
  class space    used 6313K, committed 6784K, reserved 1048576K
}
Event: 5.739 GC heap before
{Heap before GC invocations=19 (full 0):
 garbage-first heap   total 331776K, used 256312K [0x0000000681400000, 0x0000000800000000)
  region size 4096K, 34 young (139264K), 4 survivors (16384K)
 Metaspace       used 55306K, committed 56384K, reserved 1097728K
  class space    used 8143K, committed 8640K, reserved 1048576K
}
Event: 5.748 GC heap after
{Heap after GC invocations=20 (full 0):
 garbage-first heap   total 331776K, used 150743K [0x0000000681400000, 0x0000000800000000)
  region size 4096K, 5 young (20480K), 5 survivors (20480K)
 Metaspace       used 55306K, committed 56384K, reserved 1097728K
  class space    used 8143K, committed 8640K, reserved 1048576K
}
Event: 6.078 GC heap before
{Heap before GC invocations=20 (full 0):
 garbage-first heap   total 331776K, used 244951K [0x0000000681400000, 0x0000000800000000)
  region size 4096K, 29 young (118784K), 5 survivors (20480K)
 Metaspace       used 59312K, committed 60416K, reserved 1105920K
  class space    used 8888K, committed 9344K, reserved 1048576K
}
Event: 6.085 GC heap after
{Heap after GC invocations=21 (full 0):
 garbage-first heap   total 462848K, used 157391K [0x0000000681400000, 0x0000000800000000)
  region size 4096K, 2 young (8192K), 2 survivors (8192K)
 Metaspace       used 59312K, committed 60416K, reserved 1105920K
  class space    used 8888K, committed 9344K, reserved 1048576K
}

