# JRE version: OpenJDK Runtime Environment Temurin-17.0.5+8 (17.0.5+8) (build 17.0.5+8)
# Java VM: OpenJDK 64-Bit Server VM Temurin-17.0.5+8 (17.0.5+8, mixed mode, sharing, tiered, compressed oops, compressed class ptrs, g1 gc, windows-amd64)
GC Precious Log:
 CPUs: 16 total, 16 available
 Memory: 24487M
 Large Page Support: Disabled
 NUMA Support: Disabled
 Compressed Oops: Enabled (Zero based)
 Heap Region Size: 4M
 Heap Min Capacity: 8M
 Heap Initial Capacity: 384M
 Heap Max Capacity: 6124M
 Pre-touch: Disabled
 Parallel Workers: 13
 Concurrent Workers: 3
 Concurrent Refinement Workers: 13
 Periodic GC: Disabled
Heap:
 garbage-first heap   total 401408K, used 248364K [0x0000000681400000, 0x0000000800000000)
  region size 4096K, 26 young (106496K), 2 survivors (8192K)
 Metaspace       used 64976K, committed 66176K, reserved 1105920K
  class space    used 9759K, committed 10304K, reserved 1048576K
GC Heap History (20 events):
Event: 5.729 GC heap before
{Heap before GC invocations=11 (full 0):
 garbage-first heap   total 245760K, used 191061K [0x0000000681400000, 0x0000000800000000)
  region size 4096K, 32 young (131072K), 1 survivors (4096K)
 Metaspace       used 28791K, committed 29632K, reserved 1081344K
  class space    used 3572K, committed 3968K, reserved 1048576K
}
Event: 5.732 GC heap after
{Heap after GC invocations=12 (full 0):
 garbage-first heap   total 245760K, used 69469K [0x0000000681400000, 0x0000000800000000)
  region size 4096K, 2 young (8192K), 2 survivors (8192K)
 Metaspace       used 28791K, committed 29632K, reserved 1081344K
  class space    used 3572K, committed 3968K, reserved 1048576K
}
Event: 6.131 GC heap before
{Heap before GC invocations=12 (full 0):
 garbage-first heap   total 245760K, used 208733K [0x0000000681400000, 0x0000000800000000)
  region size 4096K, 33 young (135168K), 2 survivors (8192K)
 Metaspace       used 30847K, committed 31744K, reserved 1081344K
  class space    used 3811K, committed 4224K, reserved 1048576K
}
Event: 6.137 GC heap after
{Heap after GC invocations=13 (full 0):
 garbage-first heap   total 245760K, used 84874K [0x0000000681400000, 0x0000000800000000)
  region size 4096K, 2 young (8192K), 2 survivors (8192K)
 Metaspace       used 30847K, committed 31744K, reserved 1081344K
  class space    used 3811K, committed 4224K, reserved 1048576K
}
Event: 6.874 GC heap before
{Heap before GC invocations=13 (full 0):
 garbage-first heap   total 245760K, used 203658K [0x0000000681400000, 0x0000000800000000)
  region size 4096K, 31 young (126976K), 2 survivors (8192K)
 Metaspace       used 33193K, committed 34048K, reserved 1081344K
  class space    used 4097K, committed 4480K, reserved 1048576K
}
Event: 6.880 GC heap after
{Heap after GC invocations=14 (full 0):
 garbage-first heap   total 294912K, used 87180K [0x0000000681400000, 0x0000000800000000)
  region size 4096K, 3 young (12288K), 3 survivors (12288K)
 Metaspace       used 33193K, committed 34048K, reserved 1081344K
  class space    used 4097K, committed 4480K, reserved 1048576K
}
Event: 7.158 GC heap before
{Heap before GC invocations=14 (full 0):
 garbage-first heap   total 294912K, used 115852K [0x0000000681400000, 0x0000000800000000)
  region size 4096K, 11 young (45056K), 3 survivors (12288K)
 Metaspace       used 35134K, committed 35968K, reserved 1081344K
  class space    used 4328K, committed 4736K, reserved 1048576K
}
Event: 7.163 GC heap after
{Heap after GC invocations=15 (full 0):
 garbage-first heap   total 294912K, used 88143K [0x0000000681400000, 0x0000000800000000)
  region size 4096K, 3 young (12288K), 3 survivors (12288K)
 Metaspace       used 35134K, committed 35968K, reserved 1081344K
  class space    used 4328K, committed 4736K, reserved 1048576K
}
Event: 7.984 GC heap before
{Heap before GC invocations=16 (full 0):
 garbage-first heap   total 294912K, used 243791K [0x0000000681400000, 0x0000000800000000)
  region size 4096K, 41 young (167936K), 3 survivors (12288K)
 Metaspace       used 41073K, committed 42112K, reserved 1089536K
  class space    used 5385K, committed 5888K, reserved 1048576K
}
Event: 7.998 GC heap after
{Heap after GC invocations=17 (full 0):
 garbage-first heap   total 294912K, used 97796K [0x0000000681400000, 0x0000000800000000)
  region size 4096K, 5 young (20480K), 5 survivors (20480K)
 Metaspace       used 41073K, committed 42112K, reserved 1089536K
  class space    used 5385K, committed 5888K, reserved 1048576K
}
Event: 8.466 GC heap before
{Heap before GC invocations=17 (full 0):
 garbage-first heap   total 294912K, used 241156K [0x0000000681400000, 0x0000000800000000)
  region size 4096K, 40 young (163840K), 5 survivors (20480K)
 Metaspace       used 42045K, committed 43008K, reserved 1089536K
  class space    used 5563K, committed 6016K, reserved 1048576K
}
Event: 8.490 GC heap after
{Heap after GC invocations=18 (full 0):
 garbage-first heap   total 294912K, used 112106K [0x0000000681400000, 0x0000000800000000)
  region size 4096K, 5 young (20480K), 5 survivors (20480K)
 Metaspace       used 42045K, committed 43008K, reserved 1089536K
  class space    used 5563K, committed 6016K, reserved 1048576K
}
Event: 8.786 GC heap before
{Heap before GC invocations=18 (full 0):
 garbage-first heap   total 294912K, used 234986K [0x0000000681400000, 0x0000000800000000)
  region size 4096K, 35 young (143360K), 5 survivors (20480K)
 Metaspace       used 43160K, committed 44160K, reserved 1089536K
  class space    used 5747K, committed 6208K, reserved 1048576K
}
Event: 8.805 GC heap after
{Heap after GC invocations=19 (full 0):
 garbage-first heap   total 294912K, used 125052K [0x0000000681400000, 0x0000000800000000)
  region size 4096K, 3 young (12288K), 3 survivors (12288K)
 Metaspace       used 43160K, committed 44160K, reserved 1089536K
  class space    used 5747K, committed 6208K, reserved 1048576K
}
Event: 9.507 GC heap before
{Heap before GC invocations=19 (full 0):
 garbage-first heap   total 294912K, used 235644K [0x0000000681400000, 0x0000000800000000)
  region size 4096K, 30 young (122880K), 3 survivors (12288K)
 Metaspace       used 49416K, committed 50432K, reserved 1097728K
  class space    used 6799K, committed 7296K, reserved 1048576K
}
Event: 9.523 GC heap after
{Heap after GC invocations=20 (full 0):
 garbage-first heap   total 294912K, used 144875K [0x0000000681400000, 0x0000000800000000)
  region size 4096K, 4 young (16384K), 4 survivors (16384K)
 Metaspace       used 49416K, committed 50432K, reserved 1097728K
  class space    used 6799K, committed 7296K, reserved 1048576K
}
Event: 10.292 GC heap before
{Heap before GC invocations=20 (full 0):
 garbage-first heap   total 294912K, used 226795K [0x0000000681400000, 0x0000000800000000)
  region size 4096K, 24 young (98304K), 4 survivors (16384K)
 Metaspace       used 56074K, committed 57152K, reserved 1097728K
  class space    used 8283K, committed 8768K, reserved 1048576K
}
Event: 10.299 GC heap after
{Heap after GC invocations=21 (full 0):
 garbage-first heap   total 401408K, used 150755K [0x0000000681400000, 0x0000000800000000)
  region size 4096K, 1 young (4096K), 1 survivors (4096K)
 Metaspace       used 56074K, committed 57152K, reserved 1097728K
  class space    used 8283K, committed 8768K, reserved 1048576K
}
Event: 10.718 GC heap before
{Heap before GC invocations=21 (full 0):
 garbage-first heap   total 401408K, used 236771K [0x0000000681400000, 0x0000000800000000)
  region size 4096K, 23 young (94208K), 1 survivors (4096K)
 Metaspace       used 59189K, committed 60288K, reserved 1105920K
  class space    used 8866K, committed 9344K, reserved 1048576K
}
Event: 10.723 GC heap after
{Heap after GC invocations=22 (full 0):
 garbage-first heap   total 401408K, used 154156K [0x0000000681400000, 0x0000000800000000)
  region size 4096K, 2 young (8192K), 2 survivors (8192K)
 Metaspace       used 59189K, committed 60288K, reserved 1105920K
  class space    used 8866K, committed 9344K, reserved 1048576K
}

