# JRE version: OpenJDK Runtime Environment Temurin-17.0.5+8 (17.0.5+8) (build 17.0.5+8)
# Java VM: OpenJDK 64-Bit Server VM Temurin-17.0.5+8 (17.0.5+8, mixed mode, sharing, tiered, compressed oops, compressed class ptrs, g1 gc, windows-amd64)
GC Precious Log:
 CPUs: 16 total, 16 available
 Memory: 24487M
 Large Page Support: Disabled
 NUMA Support: Disabled
 Compressed Oops: Enabled (Zero based)
 Heap Region Size: 4M
 Heap Min Capacity: 8M
 Heap Initial Capacity: 384M
 Heap Max Capacity: 6124M
 Pre-touch: Disabled
 Parallel Workers: 13
 Concurrent Workers: 3
 Concurrent Refinement Workers: 13
 Periodic GC: Disabled
Heap:
 garbage-first heap   total 561152K, used 245142K [0x0000000681400000, 0x0000000800000000)
  region size 4096K, 33 young (135168K), 9 survivors (36864K)
 Metaspace       used 65083K, committed 66240K, reserved 1105920K
  class space    used 9780K, committed 10304K, reserved 1048576K
GC Heap History (20 events):
Event: 2.745 GC heap before
{Heap before GC invocations=8 (full 0):
 garbage-first heap   total 204800K, used 69256K [0x0000000681400000, 0x0000000800000000)
  region size 4096K, 4 young (16384K), 3 survivors (12288K)
 Metaspace       used 24948K, committed 25600K, reserved 1073152K
  class space    used 3083K, committed 3328K, reserved 1048576K
}
Event: 2.750 GC heap after
{Heap after GC invocations=9 (full 0):
 garbage-first heap   total 204800K, used 68243K [0x0000000681400000, 0x0000000800000000)
  region size 4096K, 1 young (4096K), 1 survivors (4096K)
 Metaspace       used 24948K, committed 25600K, reserved 1073152K
  class space    used 3083K, committed 3328K, reserved 1048576K
}
Event: 2.906 GC heap before
{Heap before GC invocations=9 (full 0):
 garbage-first heap   total 204800K, used 146067K [0x0000000681400000, 0x0000000800000000)
  region size 4096K, 20 young (81920K), 1 survivors (4096K)
 Metaspace       used 27204K, committed 27968K, reserved 1081344K
  class space    used 3333K, committed 3648K, reserved 1048576K
}
Event: 2.909 GC heap after
{Heap after GC invocations=10 (full 0):
 garbage-first heap   total 454656K, used 67579K [0x0000000681400000, 0x0000000800000000)
  region size 4096K, 1 young (4096K), 1 survivors (4096K)
 Metaspace       used 27204K, committed 27968K, reserved 1081344K
  class space    used 3333K, committed 3648K, reserved 1048576K
}
Event: 3.291 GC heap before
{Heap before GC invocations=10 (full 0):
 garbage-first heap   total 454656K, used 333819K [0x0000000681400000, 0x0000000800000000)
  region size 4096K, 66 young (270336K), 1 survivors (4096K)
 Metaspace       used 28648K, committed 29440K, reserved 1081344K
  class space    used 3538K, committed 3904K, reserved 1048576K
}
Event: 3.293 GC heap after
{Heap after GC invocations=11 (full 0):
 garbage-first heap   total 454656K, used 68756K [0x0000000681400000, 0x0000000800000000)
  region size 4096K, 1 young (4096K), 1 survivors (4096K)
 Metaspace       used 28648K, committed 29440K, reserved 1081344K
  class space    used 3538K, committed 3904K, reserved 1048576K
}
Event: 3.838 GC heap before
{Heap before GC invocations=11 (full 0):
 garbage-first heap   total 454656K, used 347284K [0x0000000681400000, 0x0000000800000000)
  region size 4096K, 66 young (270336K), 1 survivors (4096K)
 Metaspace       used 32006K, committed 32960K, reserved 1081344K
  class space    used 4014K, committed 4416K, reserved 1048576K
}
Event: 3.842 GC heap after
{Heap after GC invocations=12 (full 0):
 garbage-first heap   total 454656K, used 86521K [0x0000000681400000, 0x0000000800000000)
  region size 4096K, 3 young (12288K), 3 survivors (12288K)
 Metaspace       used 32006K, committed 32960K, reserved 1081344K
  class space    used 4014K, committed 4416K, reserved 1048576K
}
Event: 4.100 GC heap before
{Heap before GC invocations=12 (full 0):
 garbage-first heap   total 454656K, used 188921K [0x0000000681400000, 0x0000000800000000)
  region size 4096K, 29 young (118784K), 3 survivors (12288K)
 Metaspace       used 35072K, committed 35968K, reserved 1081344K
  class space    used 4319K, committed 4736K, reserved 1048576K
}
Event: 4.104 GC heap after
{Heap after GC invocations=13 (full 0):
 garbage-first heap   total 454656K, used 88026K [0x0000000681400000, 0x0000000800000000)
  region size 4096K, 3 young (12288K), 3 survivors (12288K)
 Metaspace       used 35072K, committed 35968K, reserved 1081344K
  class space    used 4319K, committed 4736K, reserved 1048576K
}
Event: 4.646 GC heap before
{Heap before GC invocations=14 (full 0):
 garbage-first heap   total 327680K, used 272346K [0x0000000681400000, 0x0000000800000000)
  region size 4096K, 48 young (196608K), 3 survivors (12288K)
 Metaspace       used 41747K, committed 42688K, reserved 1089536K
  class space    used 5510K, committed 5952K, reserved 1048576K
}
Event: 4.656 GC heap after
{Heap after GC invocations=15 (full 0):
 garbage-first heap   total 327680K, used 101106K [0x0000000681400000, 0x0000000800000000)
  region size 4096K, 6 young (24576K), 6 survivors (24576K)
 Metaspace       used 41747K, committed 42688K, reserved 1089536K
  class space    used 5510K, committed 5952K, reserved 1048576K
}
Event: 4.663 GC heap before
{Heap before GC invocations=15 (full 0):
 garbage-first heap   total 327680K, used 105202K [0x0000000681400000, 0x0000000800000000)
  region size 4096K, 7 young (28672K), 6 survivors (24576K)
 Metaspace       used 41778K, committed 42752K, reserved 1089536K
  class space    used 5513K, committed 5952K, reserved 1048576K
}
Event: 4.674 GC heap after
{Heap after GC invocations=16 (full 0):
 garbage-first heap   total 327680K, used 102269K [0x0000000681400000, 0x0000000800000000)
  region size 4096K, 1 young (4096K), 1 survivors (4096K)
 Metaspace       used 41778K, committed 42752K, reserved 1089536K
  class space    used 5513K, committed 5952K, reserved 1048576K
}
Event: 4.895 GC heap before
{Heap before GC invocations=16 (full 0):
 garbage-first heap   total 327680K, used 262013K [0x0000000681400000, 0x0000000800000000)
  region size 4096K, 40 young (163840K), 1 survivors (4096K)
 Metaspace       used 42432K, committed 43392K, reserved 1089536K
  class space    used 5610K, committed 6080K, reserved 1048576K
}
Event: 4.904 GC heap after
{Heap after GC invocations=17 (full 0):
 garbage-first heap   total 327680K, used 115205K [0x0000000681400000, 0x0000000800000000)
  region size 4096K, 5 young (20480K), 5 survivors (20480K)
 Metaspace       used 42432K, committed 43392K, reserved 1089536K
  class space    used 5610K, committed 6080K, reserved 1048576K
}
Event: 5.262 GC heap before
{Heap before GC invocations=17 (full 0):
 garbage-first heap   total 327680K, used 254469K [0x0000000681400000, 0x0000000800000000)
  region size 4096K, 39 young (159744K), 5 survivors (20480K)
 Metaspace       used 47134K, committed 48128K, reserved 1097728K
  class space    used 6311K, committed 6784K, reserved 1048576K
}
Event: 5.274 GC heap after
{Heap after GC invocations=18 (full 0):
 garbage-first heap   total 757760K, used 131826K [0x0000000681400000, 0x0000000800000000)
  region size 4096K, 4 young (16384K), 4 survivors (16384K)
 Metaspace       used 47134K, committed 48128K, reserved 1097728K
  class space    used 6311K, committed 6784K, reserved 1048576K
}
Event: 6.153 GC heap before
{Heap before GC invocations=18 (full 0):
 garbage-first heap   total 757760K, used 344818K [0x0000000681400000, 0x0000000800000000)
  region size 4096K, 57 young (233472K), 4 survivors (16384K)
 Metaspace       used 59367K, committed 60480K, reserved 1105920K
  class space    used 8899K, committed 9408K, reserved 1048576K
}
Event: 6.164 GC heap after
{Heap after GC invocations=19 (full 0):
 garbage-first heap   total 757760K, used 150934K [0x0000000681400000, 0x0000000800000000)
  region size 4096K, 9 young (36864K), 9 survivors (36864K)
 Metaspace       used 59367K, committed 60480K, reserved 1105920K
  class space    used 8899K, committed 9408K, reserved 1048576K
}

