# JRE version: OpenJDK Runtime Environment Temurin-17.0.5+8 (17.0.5+8) (build 17.0.5+8)
# Java VM: OpenJDK 64-Bit Server VM Temurin-17.0.5+8 (17.0.5+8, mixed mode, sharing, tiered, compressed oops, compressed class ptrs, g1 gc, windows-amd64)
GC Precious Log:
 CPUs: 16 total, 16 available
 Memory: 24487M
 Large Page Support: Disabled
 NUMA Support: Disabled
 Compressed Oops: Enabled (Zero based)
 Heap Region Size: 4M
 Heap Min Capacity: 8M
 Heap Initial Capacity: 384M
 Heap Max Capacity: 6124M
 Pre-touch: Disabled
 Parallel Workers: 13
 Concurrent Workers: 3
 Concurrent Refinement Workers: 13
 Periodic GC: Disabled
Heap:
 garbage-first heap   total 413696K, used 250579K [0x0000000681400000, 0x0000000800000000)
  region size 4096K, 27 young (110592K), 3 survivors (12288K)
 Metaspace       used 65112K, committed 66240K, reserved 1105920K
  class space    used 9775K, committed 10240K, reserved 1048576K
GC Heap History (20 events):
Event: 3.666 GC heap before
{Heap before GC invocations=10 (full 0):
 garbage-first heap   total 253952K, used 191111K [0x0000000681400000, 0x0000000800000000)
  region size 4096K, 31 young (126976K), 1 survivors (4096K)
 Metaspace       used 27289K, committed 28032K, reserved 1081344K
  class space    used 3340K, committed 3648K, reserved 1048576K
}
Event: 3.668 GC heap after
{Heap after GC invocations=11 (full 0):
 garbage-first heap   total 253952K, used 68452K [0x0000000681400000, 0x0000000800000000)
  region size 4096K, 1 young (4096K), 1 survivors (4096K)
 Metaspace       used 27289K, committed 28032K, reserved 1081344K
  class space    used 3340K, committed 3648K, reserved 1048576K
}
Event: 3.910 GC heap before
{Heap before GC invocations=11 (full 0):
 garbage-first heap   total 253952K, used 207716K [0x0000000681400000, 0x0000000800000000)
  region size 4096K, 32 young (131072K), 1 survivors (4096K)
 Metaspace       used 29749K, committed 30656K, reserved 1081344K
  class space    used 3692K, committed 4096K, reserved 1048576K
}
Event: 3.912 GC heap after
{Heap after GC invocations=12 (full 0):
 garbage-first heap   total 253952K, used 82676K [0x0000000681400000, 0x0000000800000000)
  region size 4096K, 2 young (8192K), 2 survivors (8192K)
 Metaspace       used 29749K, committed 30656K, reserved 1081344K
  class space    used 3692K, committed 4096K, reserved 1048576K
}
Event: 4.111 GC heap before
{Heap before GC invocations=12 (full 0):
 garbage-first heap   total 253952K, used 197364K [0x0000000681400000, 0x0000000800000000)
  region size 4096K, 30 young (122880K), 2 survivors (8192K)
 Metaspace       used 31388K, committed 32256K, reserved 1081344K
  class space    used 3902K, committed 4288K, reserved 1048576K
}
Event: 4.115 GC heap after
{Heap after GC invocations=13 (full 0):
 garbage-first heap   total 253952K, used 84870K [0x0000000681400000, 0x0000000800000000)
  region size 4096K, 2 young (8192K), 2 survivors (8192K)
 Metaspace       used 31388K, committed 32256K, reserved 1081344K
  class space    used 3902K, committed 4288K, reserved 1048576K
}
Event: 4.381 GC heap before
{Heap before GC invocations=13 (full 0):
 garbage-first heap   total 253952K, used 203654K [0x0000000681400000, 0x0000000800000000)
  region size 4096K, 31 young (126976K), 2 survivors (8192K)
 Metaspace       used 31895K, committed 32768K, reserved 1081344K
  class space    used 3984K, committed 4352K, reserved 1048576K
}
Event: 4.385 GC heap after
{Heap after GC invocations=14 (full 0):
 garbage-first heap   total 307200K, used 87480K [0x0000000681400000, 0x0000000800000000)
  region size 4096K, 3 young (12288K), 3 survivors (12288K)
 Metaspace       used 31895K, committed 32768K, reserved 1081344K
  class space    used 3984K, committed 4352K, reserved 1048576K
}
Event: 4.710 GC heap before
{Heap before GC invocations=14 (full 0):
 garbage-first heap   total 307200K, used 157112K [0x0000000681400000, 0x0000000800000000)
  region size 4096K, 21 young (86016K), 3 survivors (12288K)
 Metaspace       used 35049K, committed 35968K, reserved 1081344K
  class space    used 4308K, committed 4736K, reserved 1048576K
}
Event: 4.715 GC heap after
{Heap after GC invocations=15 (full 0):
 garbage-first heap   total 307200K, used 87921K [0x0000000681400000, 0x0000000800000000)
  region size 4096K, 3 young (12288K), 3 survivors (12288K)
 Metaspace       used 35049K, committed 35968K, reserved 1081344K
  class space    used 4308K, committed 4736K, reserved 1048576K
}
Event: 5.283 GC heap before
{Heap before GC invocations=16 (full 0):
 garbage-first heap   total 307200K, used 251761K [0x0000000681400000, 0x0000000800000000)
  region size 4096K, 43 young (176128K), 3 survivors (12288K)
 Metaspace       used 41415K, committed 42368K, reserved 1089536K
  class space    used 5448K, committed 5888K, reserved 1048576K
}
Event: 5.294 GC heap after
{Heap after GC invocations=17 (full 0):
 garbage-first heap   total 307200K, used 98935K [0x0000000681400000, 0x0000000800000000)
  region size 4096K, 6 young (24576K), 6 survivors (24576K)
 Metaspace       used 41415K, committed 42368K, reserved 1089536K
  class space    used 5448K, committed 5888K, reserved 1048576K
}
Event: 5.585 GC heap before
{Heap before GC invocations=17 (full 0):
 garbage-first heap   total 307200K, used 242295K [0x0000000681400000, 0x0000000800000000)
  region size 4096K, 41 young (167936K), 6 survivors (24576K)
 Metaspace       used 42172K, committed 43200K, reserved 1089536K
  class space    used 5572K, committed 6016K, reserved 1048576K
}
Event: 5.604 GC heap after
{Heap after GC invocations=18 (full 0):
 garbage-first heap   total 307200K, used 113120K [0x0000000681400000, 0x0000000800000000)
  region size 4096K, 6 young (24576K), 6 survivors (24576K)
 Metaspace       used 42172K, committed 43200K, reserved 1089536K
  class space    used 5572K, committed 6016K, reserved 1048576K
}
Event: 5.901 GC heap before
{Heap before GC invocations=18 (full 0):
 garbage-first heap   total 307200K, used 244192K [0x0000000681400000, 0x0000000800000000)
  region size 4096K, 38 young (155648K), 6 survivors (24576K)
 Metaspace       used 44213K, committed 45248K, reserved 1089536K
  class space    used 5935K, committed 6400K, reserved 1048576K
}
Event: 5.916 GC heap after
{Heap after GC invocations=19 (full 0):
 garbage-first heap   total 307200K, used 127343K [0x0000000681400000, 0x0000000800000000)
  region size 4096K, 4 young (16384K), 4 survivors (16384K)
 Metaspace       used 44213K, committed 45248K, reserved 1089536K
  class space    used 5935K, committed 6400K, reserved 1048576K
}
Event: 6.423 GC heap before
{Heap before GC invocations=19 (full 0):
 garbage-first heap   total 307200K, used 242031K [0x0000000681400000, 0x0000000800000000)
  region size 4096K, 32 young (131072K), 4 survivors (16384K)
 Metaspace       used 50910K, committed 51904K, reserved 1097728K
  class space    used 7188K, committed 7616K, reserved 1048576K
}
Event: 6.437 GC heap after
{Heap after GC invocations=20 (full 0):
 garbage-first heap   total 413696K, used 146500K [0x0000000681400000, 0x0000000800000000)
  region size 4096K, 4 young (16384K), 4 survivors (16384K)
 Metaspace       used 50910K, committed 51904K, reserved 1097728K
  class space    used 7188K, committed 7616K, reserved 1048576K
}
Event: 7.071 GC heap before
{Heap before GC invocations=20 (full 0):
 garbage-first heap   total 413696K, used 298052K [0x0000000681400000, 0x0000000800000000)
  region size 4096K, 42 young (172032K), 4 survivors (16384K)
 Metaspace       used 59345K, committed 60480K, reserved 1105920K
  class space    used 8884K, committed 9344K, reserved 1048576K
}
Event: 7.078 GC heap after
{Heap after GC invocations=21 (full 0):
 garbage-first heap   total 413696K, used 156371K [0x0000000681400000, 0x0000000800000000)
  region size 4096K, 3 young (12288K), 3 survivors (12288K)
 Metaspace       used 59345K, committed 60480K, reserved 1105920K
  class space    used 8884K, committed 9344K, reserved 1048576K
}

